<?xml version="1.0" encoding="UTF-8"?>
<robot generator="Robot 6.0.1 (Python 3.10.6 on linux)" generated="20221127 16:38:51.113" rpa="true" schemaversion="3">
<suite id="s1" name="Tasks" source="/home/bitfox/rob/tasks.robot">
<test id="s1-t1" name="Open the intranet site and log in" line="18">
<kw name="Log" library="BuiltIn">
<arg>${time}</arg>
<arg>console=yes</arg>
<doc>Logs the given message with the given level.</doc>
<msg timestamp="20221127 16:38:51.146" level="INFO">Get Time</msg>
<status status="PASS" starttime="20221127 16:38:51.146" endtime="20221127 16:38:51.146"/>
</kw>
<kw name="Open the intranet website">
<kw name="Open Available Browser">
<arg>${URL}</arg>
<msg timestamp="20221127 16:38:51.148" level="FAIL">No keyword with name 'Open Available Browser' found.</msg>
<status status="FAIL" starttime="20221127 16:38:51.148" endtime="20221127 16:38:51.148"/>
</kw>
<status status="FAIL" starttime="20221127 16:38:51.146" endtime="20221127 16:38:51.149"/>
</kw>
<kw name="Log in">
<status status="NOT RUN" starttime="20221127 16:38:51.149" endtime="20221127 16:38:51.149"/>
</kw>
<kw name="Wait Until Keyword Succeeds" library="BuiltIn">
<arg>20</arg>
<arg>1</arg>
<arg>Page Should Contain Element</arg>
<arg>menuItem2</arg>
<doc>Runs the specified keyword and retries if it fails.</doc>
<status status="NOT RUN" starttime="20221127 16:38:51.149" endtime="20221127 16:38:51.149"/>
</kw>
<kw name="Openopen">
<status status="NOT RUN" starttime="20221127 16:38:51.149" endtime="20221127 16:38:51.149"/>
</kw>
<kw name="Wait Until Keyword Succeeds" library="BuiltIn">
<arg>20</arg>
<arg>1</arg>
<arg>Page Should Contain Element</arg>
<arg>f_pvm</arg>
<doc>Runs the specified keyword and retries if it fails.</doc>
<status status="NOT RUN" starttime="20221127 16:38:51.149" endtime="20221127 16:38:51.149"/>
</kw>
<kw name="Insert date">
<status status="NOT RUN" starttime="20221127 16:38:51.150" endtime="20221127 16:38:51.150"/>
</kw>
<status status="FAIL" starttime="20221127 16:38:51.145" endtime="20221127 16:38:51.150">No keyword with name 'Open Available Browser' found.</status>
</test>
<doc>Enter weekly sales into the RobotSpareBin Industries Intranet.</doc>
<status status="FAIL" starttime="20221127 16:38:51.114" endtime="20221127 16:38:51.150"/>
</suite>
<statistics>
<total>
<stat pass="0" fail="1" skip="0">All Tasks</stat>
</total>
<tag>
</tag>
<suite>
<stat pass="0" fail="1" skip="0" id="s1" name="Tasks">Tasks</stat>
</suite>
</statistics>
<errors>
<msg timestamp="20221127 16:38:51.142" level="ERROR">Error in file '/home/bitfox/rob/tasks.robot' on line 4: Importing library 'RPA.Browser.Selenium' failed: ModuleNotFoundError: No module named 'RPA'
Traceback (most recent call last):
  None
PYTHONPATH:
  /home/bitfox/.local/bin
  /usr/lib/python310.zip
  /usr/lib/python3.10
  /usr/lib/python3.10/lib-dynload
  /home/bitfox/.local/lib/python3.10/site-packages
  /usr/local/lib/python3.10/dist-packages
  /usr/lib/python3/dist-packages</msg>
</errors>
</robot>
